INFO - 2021-03-06 00:09:16 --> Controller "App\Controllers\base\Beranda" loaded.
INFO - 2021-03-06 00:10:38 --> Controller "App\Controllers\base\Beranda" loaded.
INFO - 2021-03-06 00:27:33 --> Controller "App\Controllers\base\Beranda" loaded.
INFO - 2021-03-06 00:27:58 --> Controller "App\Controllers\base\Beranda" loaded.
INFO - 2021-03-06 00:28:48 --> Controller "App\Controllers\base\Beranda" loaded.
INFO - 2021-03-06 00:28:52 --> Controller "App\Controllers\base\Beranda" loaded.
INFO - 2021-03-06 00:28:54 --> Controller "App\Controllers\base\Beranda" loaded.
INFO - 2021-03-06 00:29:50 --> Controller "App\Controllers\base\Beranda" loaded.
INFO - 2021-03-06 00:31:24 --> Controller "App\Controllers\base\Beranda" loaded.
INFO - 2021-03-06 00:31:38 --> Controller "App\Controllers\base\Beranda" loaded.
INFO - 2021-03-06 01:17:43 --> Controller "App\Controllers\base\Beranda" loaded.
INFO - 2021-03-06 01:18:25 --> Session: Class initialized using 'CodeIgniter\Session\Handlers\FileHandler' driver.
INFO - 2021-03-06 01:18:25 --> Controller "App\Controllers\base\Order" loaded.
INFO - 2021-03-06 01:18:30 --> Controller "App\Controllers\base\Beranda" loaded.
INFO - 2021-03-06 01:21:50 --> Controller "App\Controllers\base\Beranda" loaded.
INFO - 2021-03-06 01:23:16 --> Controller "App\Controllers\base\Beranda" loaded.
INFO - 2021-03-06 01:23:31 --> Controller "App\Controllers\base\Beranda" loaded.
INFO - 2021-03-06 01:23:57 --> Controller "App\Controllers\base\Beranda" loaded.
INFO - 2021-03-06 01:24:14 --> Controller "App\Controllers\base\Beranda" loaded.
INFO - 2021-03-06 01:25:53 --> Controller "App\Controllers\base\Beranda" loaded.
INFO - 2021-03-06 01:26:16 --> Controller "App\Controllers\base\Beranda" loaded.
INFO - 2021-03-06 01:27:22 --> Controller "App\Controllers\base\Beranda" loaded.
INFO - 2021-03-06 01:27:46 --> Controller "App\Controllers\base\Beranda" loaded.
INFO - 2021-03-06 01:28:07 --> Controller "App\Controllers\base\Beranda" loaded.
INFO - 2021-03-06 01:28:43 --> Controller "App\Controllers\base\Beranda" loaded.
INFO - 2021-03-06 01:30:14 --> Controller "App\Controllers\base\Beranda" loaded.
INFO - 2021-03-06 01:30:57 --> Controller "App\Controllers\base\Beranda" loaded.
INFO - 2021-03-06 01:31:27 --> Controller "App\Controllers\base\Beranda" loaded.
INFO - 2021-03-06 01:31:41 --> Controller "App\Controllers\base\Beranda" loaded.
INFO - 2021-03-06 01:32:30 --> Controller "App\Controllers\base\Beranda" loaded.
INFO - 2021-03-06 01:32:54 --> Controller "App\Controllers\base\Beranda" loaded.
INFO - 2021-03-06 01:33:22 --> Controller "App\Controllers\base\Beranda" loaded.
INFO - 2021-03-06 01:39:57 --> Controller "App\Controllers\base\Beranda" loaded.
INFO - 2021-03-06 01:40:10 --> Controller "App\Controllers\base\Beranda" loaded.
INFO - 2021-03-06 02:01:48 --> Controller "App\Controllers\base\Beranda" loaded.
INFO - 2021-03-06 02:01:55 --> Controller "App\Controllers\base\Beranda" loaded.
INFO - 2021-03-06 02:02:47 --> Controller "App\Controllers\base\Beranda" loaded.
INFO - 2021-03-06 02:03:00 --> Controller "App\Controllers\base\Beranda" loaded.
INFO - 2021-03-06 02:03:06 --> Controller "App\Controllers\base\Beranda" loaded.
INFO - 2021-03-06 02:03:15 --> Controller "App\Controllers\base\Beranda" loaded.
INFO - 2021-03-06 02:03:31 --> Controller "App\Controllers\base\Beranda" loaded.
INFO - 2021-03-06 02:03:49 --> Controller "App\Controllers\base\Beranda" loaded.
INFO - 2021-03-06 02:05:01 --> Controller "App\Controllers\base\Beranda" loaded.
INFO - 2021-03-06 02:05:06 --> Controller "App\Controllers\base\Beranda" loaded.
INFO - 2021-03-06 02:05:20 --> Controller "App\Controllers\base\Beranda" loaded.
INFO - 2021-03-06 02:05:23 --> Controller "App\Controllers\base\Beranda" loaded.
INFO - 2021-03-06 02:05:30 --> Controller "App\Controllers\base\Beranda" loaded.
INFO - 2021-03-06 02:05:32 --> Controller "App\Controllers\base\Beranda" loaded.
INFO - 2021-03-06 02:05:34 --> Controller "App\Controllers\base\Beranda" loaded.
INFO - 2021-03-06 02:06:05 --> Controller "App\Controllers\base\Beranda" loaded.
INFO - 2021-03-06 02:06:12 --> Controller "App\Controllers\base\Beranda" loaded.
INFO - 2021-03-06 02:06:23 --> Controller "App\Controllers\base\Beranda" loaded.
INFO - 2021-03-06 02:07:17 --> Controller "App\Controllers\base\Beranda" loaded.
INFO - 2021-03-06 02:07:22 --> Controller "App\Controllers\base\Beranda" loaded.
INFO - 2021-03-06 02:07:36 --> Controller "App\Controllers\base\Beranda" loaded.
INFO - 2021-03-06 02:16:37 --> Controller "App\Controllers\base\Beranda" loaded.
INFO - 2021-03-06 02:16:39 --> Controller "App\Controllers\base\Beranda" loaded.
INFO - 2021-03-06 02:16:45 --> Controller "App\Controllers\base\Beranda" loaded.
INFO - 2021-03-06 02:17:05 --> Controller "App\Controllers\base\Beranda" loaded.
INFO - 2021-03-06 02:19:42 --> Controller "App\Controllers\base\Beranda" loaded.
INFO - 2021-03-06 02:19:53 --> Controller "App\Controllers\base\Beranda" loaded.
INFO - 2021-03-06 02:20:14 --> Controller "App\Controllers\base\Beranda" loaded.
INFO - 2021-03-06 02:20:29 --> Controller "App\Controllers\base\Beranda" loaded.
INFO - 2021-03-06 02:24:58 --> Controller "App\Controllers\base\Beranda" loaded.
INFO - 2021-03-06 02:29:01 --> Controller "App\Controllers\base\Beranda" loaded.
INFO - 2021-03-06 02:29:09 --> Controller "App\Controllers\base\Beranda" loaded.
INFO - 2021-03-06 02:29:18 --> Controller "App\Controllers\base\Beranda" loaded.
INFO - 2021-03-06 02:29:40 --> Controller "App\Controllers\base\Beranda" loaded.
INFO - 2021-03-06 02:43:51 --> Controller "App\Controllers\base\Beranda" loaded.
INFO - 2021-03-06 03:25:26 --> Controller "App\Controllers\base\Beranda" loaded.
INFO - 2021-03-06 03:25:48 --> Controller "App\Controllers\base\Beranda" loaded.
INFO - 2021-03-06 03:25:56 --> Controller "App\Controllers\base\Beranda" loaded.
INFO - 2021-03-06 04:08:33 --> Controller "App\Controllers\base\Beranda" loaded.
INFO - 2021-03-06 04:08:48 --> Controller "App\Controllers\base\Beranda" loaded.
INFO - 2021-03-06 05:11:36 --> Controller "App\Controllers\base\Beranda" loaded.
INFO - 2021-03-06 05:11:45 --> Controller "App\Controllers\base\Beranda" loaded.
INFO - 2021-03-06 05:32:37 --> Controller "App\Controllers\base\Beranda" loaded.
INFO - 2021-03-06 05:32:55 --> Controller "App\Controllers\base\Beranda" loaded.
INFO - 2021-03-06 05:33:33 --> Controller "App\Controllers\base\Beranda" loaded.
INFO - 2021-03-06 05:37:31 --> Session: Class initialized using 'CodeIgniter\Session\Handlers\FileHandler' driver.
INFO - 2021-03-06 05:37:31 --> Controller "App\Controllers\undangan\Undangan" loaded.
INFO - 2021-03-06 05:38:16 --> Controller "App\Controllers\base\Beranda" loaded.
INFO - 2021-03-06 05:38:24 --> Controller "App\Controllers\base\Beranda" loaded.
INFO - 2021-03-06 05:39:26 --> Controller "App\Controllers\base\Beranda" loaded.
INFO - 2021-03-06 05:39:40 --> Controller "App\Controllers\base\Beranda" loaded.
INFO - 2021-03-06 05:54:00 --> Controller "App\Controllers\base\Beranda" loaded.
INFO - 2021-03-06 05:54:10 --> Controller "App\Controllers\base\Beranda" loaded.
INFO - 2021-03-06 05:54:24 --> Controller "App\Controllers\base\Beranda" loaded.
INFO - 2021-03-06 05:55:15 --> Session: Class initialized using 'CodeIgniter\Session\Handlers\FileHandler' driver.
INFO - 2021-03-06 05:55:15 --> Controller "App\Controllers\base\Dashboard" loaded.
INFO - 2021-03-06 05:55:15 --> Session: Class initialized using 'CodeIgniter\Session\Handlers\FileHandler' driver.
INFO - 2021-03-06 05:55:15 --> Controller "App\Controllers\base\Dashboard" loaded.
INFO - 2021-03-06 06:04:14 --> Controller "App\Controllers\base\Beranda" loaded.
INFO - 2021-03-06 06:05:12 --> Controller "App\Controllers\base\Beranda" loaded.
INFO - 2021-03-06 06:05:23 --> Controller "App\Controllers\base\Beranda" loaded.
INFO - 2021-03-06 06:06:02 --> Controller "App\Controllers\base\Beranda" loaded.
INFO - 2021-03-06 06:11:36 --> Controller "App\Controllers\base\Beranda" loaded.
INFO - 2021-03-06 06:11:42 --> Controller "App\Controllers\base\Beranda" loaded.
INFO - 2021-03-06 06:14:28 --> Controller "App\Controllers\base\Beranda" loaded.
INFO - 2021-03-06 06:14:58 --> Controller "App\Controllers\base\Beranda" loaded.
INFO - 2021-03-06 06:16:26 --> Controller "App\Controllers\base\Beranda" loaded.
INFO - 2021-03-06 06:17:09 --> Controller "App\Controllers\base\Beranda" loaded.
INFO - 2021-03-06 06:18:09 --> Controller "App\Controllers\base\Beranda" loaded.
INFO - 2021-03-06 06:18:22 --> Controller "App\Controllers\base\Beranda" loaded.
INFO - 2021-03-06 06:18:56 --> Controller "App\Controllers\base\Beranda" loaded.
INFO - 2021-03-06 06:19:12 --> Controller "App\Controllers\base\Beranda" loaded.
INFO - 2021-03-06 06:19:22 --> Controller "App\Controllers\base\Beranda" loaded.
INFO - 2021-03-06 06:20:06 --> Controller "App\Controllers\base\Beranda" loaded.
INFO - 2021-03-06 06:20:18 --> Controller "App\Controllers\base\Beranda" loaded.
INFO - 2021-03-06 06:20:20 --> Controller "App\Controllers\base\Beranda" loaded.
INFO - 2021-03-06 06:21:13 --> Controller "App\Controllers\base\Beranda" loaded.
INFO - 2021-03-06 06:21:40 --> Controller "App\Controllers\base\Beranda" loaded.
INFO - 2021-03-06 06:21:40 --> Controller "App\Controllers\base\Beranda" loaded.
INFO - 2021-03-06 06:21:40 --> Controller "App\Controllers\base\Beranda" loaded.
INFO - 2021-03-06 06:29:21 --> Controller "App\Controllers\base\Beranda" loaded.
INFO - 2021-03-06 06:37:45 --> Controller "App\Controllers\base\Beranda" loaded.
INFO - 2021-03-06 06:37:48 --> Controller "App\Controllers\base\Beranda" loaded.
INFO - 2021-03-06 06:37:53 --> Controller "App\Controllers\base\Beranda" loaded.
INFO - 2021-03-06 06:38:18 --> Controller "App\Controllers\base\Beranda" loaded.
INFO - 2021-03-06 06:38:22 --> Controller "App\Controllers\base\Beranda" loaded.
INFO - 2021-03-06 06:38:50 --> Controller "App\Controllers\base\Beranda" loaded.
INFO - 2021-03-06 06:38:54 --> Controller "App\Controllers\base\Beranda" loaded.
INFO - 2021-03-06 06:39:18 --> Controller "App\Controllers\base\Beranda" loaded.
INFO - 2021-03-06 06:39:21 --> Controller "App\Controllers\base\Beranda" loaded.
INFO - 2021-03-06 06:43:56 --> Controller "App\Controllers\base\Beranda" loaded.
INFO - 2021-03-06 06:44:18 --> Controller "App\Controllers\base\Beranda" loaded.
INFO - 2021-03-06 06:44:31 --> Controller "App\Controllers\base\Beranda" loaded.
INFO - 2021-03-06 06:44:54 --> Controller "App\Controllers\base\Beranda" loaded.
INFO - 2021-03-06 06:45:39 --> Controller "App\Controllers\base\Beranda" loaded.
INFO - 2021-03-06 06:45:51 --> Controller "App\Controllers\base\Beranda" loaded.
INFO - 2021-03-06 06:46:19 --> Controller "App\Controllers\base\Beranda" loaded.
INFO - 2021-03-06 06:46:24 --> Session: Class initialized using 'CodeIgniter\Session\Handlers\FileHandler' driver.
INFO - 2021-03-06 06:46:24 --> Controller "App\Controllers\undangan\Undangan" loaded.
INFO - 2021-03-06 06:47:11 --> Controller "App\Controllers\base\Beranda" loaded.
INFO - 2021-03-06 06:53:38 --> Controller "App\Controllers\base\Beranda" loaded.
INFO - 2021-03-06 06:54:06 --> Controller "App\Controllers\base\Beranda" loaded.
INFO - 2021-03-06 06:54:16 --> Controller "App\Controllers\base\Beranda" loaded.
INFO - 2021-03-06 06:54:22 --> Controller "App\Controllers\base\Beranda" loaded.
INFO - 2021-03-06 06:55:11 --> Controller "App\Controllers\base\Beranda" loaded.
INFO - 2021-03-06 06:55:28 --> Controller "App\Controllers\base\Beranda" loaded.
INFO - 2021-03-06 06:55:38 --> Controller "App\Controllers\base\Beranda" loaded.
INFO - 2021-03-06 07:09:27 --> Controller "App\Controllers\base\Beranda" loaded.
INFO - 2021-03-06 07:12:48 --> Controller "App\Controllers\base\Beranda" loaded.
INFO - 2021-03-06 07:13:10 --> Controller "App\Controllers\base\Beranda" loaded.
INFO - 2021-03-06 07:13:47 --> Controller "App\Controllers\base\Beranda" loaded.
INFO - 2021-03-06 07:17:17 --> Controller "App\Controllers\base\Beranda" loaded.
INFO - 2021-03-06 07:27:27 --> Controller "App\Controllers\base\Beranda" loaded.
INFO - 2021-03-06 07:27:29 --> Controller "App\Controllers\base\Beranda" loaded.
INFO - 2021-03-06 07:29:03 --> Controller "App\Controllers\base\Beranda" loaded.
INFO - 2021-03-06 07:29:06 --> Session: Class initialized using 'CodeIgniter\Session\Handlers\FileHandler' driver.
INFO - 2021-03-06 07:29:06 --> Controller "App\Controllers\base\Order" loaded.
INFO - 2021-03-06 07:29:06 --> Controller "App\Controllers\base\Beranda" loaded.
INFO - 2021-03-06 07:31:00 --> Controller "App\Controllers\base\Beranda" loaded.
INFO - 2021-03-06 07:31:02 --> Controller "App\Controllers\base\Beranda" loaded.
INFO - 2021-03-06 07:31:05 --> Session: Class initialized using 'CodeIgniter\Session\Handlers\FileHandler' driver.
INFO - 2021-03-06 07:31:05 --> Controller "App\Controllers\base\Order" loaded.
INFO - 2021-03-06 07:31:05 --> Controller "App\Controllers\base\Beranda" loaded.
INFO - 2021-03-06 07:31:09 --> Controller "App\Controllers\base\Beranda" loaded.
INFO - 2021-03-06 07:31:10 --> Controller "App\Controllers\base\Beranda" loaded.
INFO - 2021-03-06 07:31:45 --> Controller "App\Controllers\base\Beranda" loaded.
INFO - 2021-03-06 07:31:47 --> Session: Class initialized using 'CodeIgniter\Session\Handlers\FileHandler' driver.
INFO - 2021-03-06 07:31:47 --> Controller "App\Controllers\base\Order" loaded.
INFO - 2021-03-06 07:31:48 --> Controller "App\Controllers\base\Beranda" loaded.
INFO - 2021-03-06 07:31:54 --> Controller "App\Controllers\base\Beranda" loaded.
INFO - 2021-03-06 07:31:57 --> Session: Class initialized using 'CodeIgniter\Session\Handlers\FileHandler' driver.
INFO - 2021-03-06 07:31:57 --> Controller "App\Controllers\base\Order" loaded.
INFO - 2021-03-06 07:31:57 --> Controller "App\Controllers\base\Beranda" loaded.
INFO - 2021-03-06 07:32:07 --> Controller "App\Controllers\base\Beranda" loaded.
INFO - 2021-03-06 07:39:29 --> Controller "App\Controllers\base\Beranda" loaded.
INFO - 2021-03-06 07:40:30 --> Controller "App\Controllers\base\Beranda" loaded.
INFO - 2021-03-06 07:42:05 --> Controller "App\Controllers\base\Beranda" loaded.
INFO - 2021-03-06 07:42:57 --> Controller "App\Controllers\base\Beranda" loaded.
INFO - 2021-03-06 07:43:23 --> Controller "App\Controllers\base\Beranda" loaded.
INFO - 2021-03-06 07:43:49 --> Controller "App\Controllers\base\Beranda" loaded.
INFO - 2021-03-06 07:44:08 --> Controller "App\Controllers\base\Beranda" loaded.
INFO - 2021-03-06 07:44:21 --> Controller "App\Controllers\base\Beranda" loaded.
INFO - 2021-03-06 07:44:52 --> Controller "App\Controllers\base\Beranda" loaded.
INFO - 2021-03-06 07:45:04 --> Controller "App\Controllers\base\Beranda" loaded.
INFO - 2021-03-06 07:45:26 --> Controller "App\Controllers\base\Beranda" loaded.
INFO - 2021-03-06 07:46:12 --> Controller "App\Controllers\base\Beranda" loaded.
INFO - 2021-03-06 07:46:41 --> Controller "App\Controllers\base\Beranda" loaded.
INFO - 2021-03-06 07:48:13 --> Controller "App\Controllers\base\Beranda" loaded.
INFO - 2021-03-06 07:48:34 --> Controller "App\Controllers\base\Beranda" loaded.
INFO - 2021-03-06 07:49:03 --> Controller "App\Controllers\base\Beranda" loaded.
INFO - 2021-03-06 07:49:24 --> Controller "App\Controllers\base\Beranda" loaded.
INFO - 2021-03-06 07:50:18 --> Controller "App\Controllers\base\Beranda" loaded.
INFO - 2021-03-06 07:50:40 --> Controller "App\Controllers\base\Beranda" loaded.
INFO - 2021-03-06 07:51:20 --> Controller "App\Controllers\base\Beranda" loaded.
INFO - 2021-03-06 07:51:46 --> Controller "App\Controllers\base\Beranda" loaded.
INFO - 2021-03-06 07:52:11 --> Controller "App\Controllers\base\Beranda" loaded.
INFO - 2021-03-06 07:52:36 --> Controller "App\Controllers\base\Beranda" loaded.
INFO - 2021-03-06 07:52:53 --> Controller "App\Controllers\base\Beranda" loaded.
INFO - 2021-03-06 07:53:21 --> Controller "App\Controllers\base\Beranda" loaded.
INFO - 2021-03-06 07:53:45 --> Controller "App\Controllers\base\Beranda" loaded.
INFO - 2021-03-06 07:54:08 --> Controller "App\Controllers\base\Beranda" loaded.
INFO - 2021-03-06 07:54:45 --> Controller "App\Controllers\base\Beranda" loaded.
INFO - 2021-03-06 07:55:12 --> Controller "App\Controllers\base\Beranda" loaded.
INFO - 2021-03-06 07:56:03 --> Controller "App\Controllers\base\Beranda" loaded.
INFO - 2021-03-06 07:56:55 --> Controller "App\Controllers\base\Beranda" loaded.
INFO - 2021-03-06 07:56:57 --> Controller "App\Controllers\base\Beranda" loaded.
INFO - 2021-03-06 07:56:59 --> Session: Class initialized using 'CodeIgniter\Session\Handlers\FileHandler' driver.
INFO - 2021-03-06 07:56:59 --> Controller "App\Controllers\base\Order" loaded.
INFO - 2021-03-06 07:57:00 --> Controller "App\Controllers\base\Beranda" loaded.
INFO - 2021-03-06 07:57:02 --> Controller "App\Controllers\base\Beranda" loaded.
INFO - 2021-03-06 07:57:10 --> Controller "App\Controllers\base\Beranda" loaded.
INFO - 2021-03-06 07:57:18 --> Controller "App\Controllers\base\Beranda" loaded.
INFO - 2021-03-06 07:58:45 --> Controller "App\Controllers\base\Beranda" loaded.
INFO - 2021-03-06 07:59:48 --> Controller "App\Controllers\base\Beranda" loaded.
INFO - 2021-03-06 08:01:08 --> Controller "App\Controllers\base\Beranda" loaded.
INFO - 2021-03-06 08:01:29 --> Controller "App\Controllers\base\Beranda" loaded.
INFO - 2021-03-06 08:02:05 --> Controller "App\Controllers\base\Beranda" loaded.
INFO - 2021-03-06 08:02:46 --> Controller "App\Controllers\base\Beranda" loaded.
INFO - 2021-03-06 08:03:18 --> Controller "App\Controllers\base\Beranda" loaded.
INFO - 2021-03-06 08:03:39 --> Controller "App\Controllers\base\Beranda" loaded.
INFO - 2021-03-06 08:03:51 --> Controller "App\Controllers\base\Beranda" loaded.
INFO - 2021-03-06 08:04:53 --> Controller "App\Controllers\base\Beranda" loaded.
INFO - 2021-03-06 08:04:55 --> Controller "App\Controllers\base\Beranda" loaded.
INFO - 2021-03-06 08:05:22 --> Controller "App\Controllers\base\Beranda" loaded.
INFO - 2021-03-06 08:06:53 --> Controller "App\Controllers\base\Beranda" loaded.
INFO - 2021-03-06 08:06:54 --> Controller "App\Controllers\base\Beranda" loaded.
INFO - 2021-03-06 08:07:08 --> Controller "App\Controllers\base\Beranda" loaded.
INFO - 2021-03-06 08:07:24 --> Controller "App\Controllers\base\Beranda" loaded.
INFO - 2021-03-06 08:08:25 --> Controller "App\Controllers\base\Beranda" loaded.
INFO - 2021-03-06 08:09:05 --> Controller "App\Controllers\base\Beranda" loaded.
INFO - 2021-03-06 08:09:41 --> Controller "App\Controllers\base\Beranda" loaded.
INFO - 2021-03-06 08:11:47 --> Controller "App\Controllers\base\Beranda" loaded.
INFO - 2021-03-06 08:11:55 --> Controller "App\Controllers\base\Beranda" loaded.
INFO - 2021-03-06 08:12:01 --> Session: Class initialized using 'CodeIgniter\Session\Handlers\FileHandler' driver.
INFO - 2021-03-06 08:12:01 --> Controller "App\Controllers\base\Order" loaded.
INFO - 2021-03-06 08:12:01 --> Controller "App\Controllers\base\Beranda" loaded.
INFO - 2021-03-06 08:12:55 --> Controller "App\Controllers\base\Beranda" loaded.
INFO - 2021-03-06 08:12:58 --> Controller "App\Controllers\base\Beranda" loaded.
INFO - 2021-03-06 08:13:10 --> Controller "App\Controllers\base\Beranda" loaded.
INFO - 2021-03-06 08:13:27 --> Controller "App\Controllers\base\Beranda" loaded.
INFO - 2021-03-06 08:13:54 --> Controller "App\Controllers\base\Beranda" loaded.
INFO - 2021-03-06 08:15:45 --> Controller "App\Controllers\base\Beranda" loaded.
INFO - 2021-03-06 08:17:03 --> Controller "App\Controllers\base\Beranda" loaded.
INFO - 2021-03-06 08:17:15 --> Controller "App\Controllers\base\Beranda" loaded.
INFO - 2021-03-06 08:24:03 --> Controller "App\Controllers\base\Beranda" loaded.
INFO - 2021-03-06 08:24:11 --> Session: Class initialized using 'CodeIgniter\Session\Handlers\FileHandler' driver.
INFO - 2021-03-06 08:24:11 --> Controller "App\Controllers\base\Order" loaded.
INFO - 2021-03-06 08:24:11 --> Controller "App\Controllers\base\Beranda" loaded.
INFO - 2021-03-06 08:24:22 --> Controller "App\Controllers\base\Beranda" loaded.
INFO - 2021-03-06 08:24:58 --> Controller "App\Controllers\base\Beranda" loaded.
