CRITICAL - 2021-12-20 11:29:05 --> syntax error, unexpected 'database' (T_STRING), expecting ']'
#0 /home/p3sc8976/public_html/nikahankami/system/Autoloader/Autoloader.php(296): CodeIgniter\Autoloader\Autoloader->requireFile('/home/p3sc8976/...')
#1 /home/p3sc8976/public_html/nikahankami/system/Autoloader/Autoloader.php(258): CodeIgniter\Autoloader\Autoloader->loadInNamespace('Config\\Database')
#2 [internal function]: CodeIgniter\Autoloader\Autoloader->loadClass('Config\\Database')
#3 /home/p3sc8976/public_html/nikahankami/system/Debug/Toolbar/Collectors/Database.php(100): spl_autoload_call('Config\\Database')
#4 /home/p3sc8976/public_html/nikahankami/system/Debug/Toolbar.php(96): CodeIgniter\Debug\Toolbar\Collectors\Database->__construct()
#5 /home/p3sc8976/public_html/nikahankami/system/Config/Services.php(841): CodeIgniter\Debug\Toolbar->__construct(Object(Config\Toolbar))
#6 /home/p3sc8976/public_html/nikahankami/system/Config/BaseService.php(123): CodeIgniter\Config\Services::toolbar(Object(Config\Toolbar), false)
#7 /home/p3sc8976/public_html/nikahankami/system/Config/Services.php(833): CodeIgniter\Config\BaseService::getSharedInstance('toolbar', NULL)
#8 /home/p3sc8976/public_html/nikahankami/app/Config/Events.php(44): CodeIgniter\Config\Services::toolbar()
#9 [internal function]: CodeIgniter\Events\Events::Config\{closure}()
#10 /home/p3sc8976/public_html/nikahankami/system/Events/Events.php(188): call_user_func(Object(Closure))
#11 /home/p3sc8976/public_html/nikahankami/system/CodeIgniter.php(287): CodeIgniter\Events\Events::trigger('pre_system')
#12 /home/p3sc8976/public_html/nikahankami/index.php(45): CodeIgniter\CodeIgniter->run()
#13 {main}
CRITICAL - 2021-12-20 11:29:09 --> syntax error, unexpected 'database' (T_STRING), expecting ']'
#0 /home/p3sc8976/public_html/nikahankami/system/Autoloader/Autoloader.php(296): CodeIgniter\Autoloader\Autoloader->requireFile('/home/p3sc8976/...')
#1 /home/p3sc8976/public_html/nikahankami/system/Autoloader/Autoloader.php(258): CodeIgniter\Autoloader\Autoloader->loadInNamespace('Config\\Database')
#2 [internal function]: CodeIgniter\Autoloader\Autoloader->loadClass('Config\\Database')
#3 /home/p3sc8976/public_html/nikahankami/system/Debug/Toolbar/Collectors/Database.php(100): spl_autoload_call('Config\\Database')
#4 /home/p3sc8976/public_html/nikahankami/system/Debug/Toolbar.php(96): CodeIgniter\Debug\Toolbar\Collectors\Database->__construct()
#5 /home/p3sc8976/public_html/nikahankami/system/Config/Services.php(841): CodeIgniter\Debug\Toolbar->__construct(Object(Config\Toolbar))
#6 /home/p3sc8976/public_html/nikahankami/system/Config/BaseService.php(123): CodeIgniter\Config\Services::toolbar(Object(Config\Toolbar), false)
#7 /home/p3sc8976/public_html/nikahankami/system/Config/Services.php(833): CodeIgniter\Config\BaseService::getSharedInstance('toolbar', NULL)
#8 /home/p3sc8976/public_html/nikahankami/app/Config/Events.php(44): CodeIgniter\Config\Services::toolbar()
#9 [internal function]: CodeIgniter\Events\Events::Config\{closure}()
#10 /home/p3sc8976/public_html/nikahankami/system/Events/Events.php(188): call_user_func(Object(Closure))
#11 /home/p3sc8976/public_html/nikahankami/system/CodeIgniter.php(287): CodeIgniter\Events\Events::trigger('pre_system')
#12 /home/p3sc8976/public_html/nikahankami/index.php(45): CodeIgniter\CodeIgniter->run()
#13 {main}
CRITICAL - 2021-12-20 11:29:16 --> syntax error, unexpected 'database' (T_STRING), expecting ']'
#0 /home/p3sc8976/public_html/nikahankami/system/Autoloader/Autoloader.php(296): CodeIgniter\Autoloader\Autoloader->requireFile('/home/p3sc8976/...')
#1 /home/p3sc8976/public_html/nikahankami/system/Autoloader/Autoloader.php(258): CodeIgniter\Autoloader\Autoloader->loadInNamespace('Config\\Database')
#2 [internal function]: CodeIgniter\Autoloader\Autoloader->loadClass('Config\\Database')
#3 /home/p3sc8976/public_html/nikahankami/system/Debug/Toolbar/Collectors/Database.php(100): spl_autoload_call('Config\\Database')
#4 /home/p3sc8976/public_html/nikahankami/system/Debug/Toolbar.php(96): CodeIgniter\Debug\Toolbar\Collectors\Database->__construct()
#5 /home/p3sc8976/public_html/nikahankami/system/Config/Services.php(841): CodeIgniter\Debug\Toolbar->__construct(Object(Config\Toolbar))
#6 /home/p3sc8976/public_html/nikahankami/system/Config/BaseService.php(123): CodeIgniter\Config\Services::toolbar(Object(Config\Toolbar), false)
#7 /home/p3sc8976/public_html/nikahankami/system/Config/Services.php(833): CodeIgniter\Config\BaseService::getSharedInstance('toolbar', NULL)
#8 /home/p3sc8976/public_html/nikahankami/app/Config/Events.php(44): CodeIgniter\Config\Services::toolbar()
#9 [internal function]: CodeIgniter\Events\Events::Config\{closure}()
#10 /home/p3sc8976/public_html/nikahankami/system/Events/Events.php(188): call_user_func(Object(Closure))
#11 /home/p3sc8976/public_html/nikahankami/system/CodeIgniter.php(287): CodeIgniter\Events\Events::trigger('pre_system')
#12 /home/p3sc8976/public_html/nikahankami/index.php(45): CodeIgniter\CodeIgniter->run()
#13 {main}
CRITICAL - 2021-12-20 11:29:54 --> syntax error, unexpected 'database' (T_STRING), expecting ']'
#0 /home/p3sc8976/public_html/nikahankami/system/Autoloader/Autoloader.php(296): CodeIgniter\Autoloader\Autoloader->requireFile('/home/p3sc8976/...')
#1 /home/p3sc8976/public_html/nikahankami/system/Autoloader/Autoloader.php(258): CodeIgniter\Autoloader\Autoloader->loadInNamespace('Config\\Database')
#2 [internal function]: CodeIgniter\Autoloader\Autoloader->loadClass('Config\\Database')
#3 /home/p3sc8976/public_html/nikahankami/system/Debug/Toolbar/Collectors/Database.php(100): spl_autoload_call('Config\\Database')
#4 /home/p3sc8976/public_html/nikahankami/system/Debug/Toolbar.php(96): CodeIgniter\Debug\Toolbar\Collectors\Database->__construct()
#5 /home/p3sc8976/public_html/nikahankami/system/Config/Services.php(841): CodeIgniter\Debug\Toolbar->__construct(Object(Config\Toolbar))
#6 /home/p3sc8976/public_html/nikahankami/system/Config/BaseService.php(123): CodeIgniter\Config\Services::toolbar(Object(Config\Toolbar), false)
#7 /home/p3sc8976/public_html/nikahankami/system/Config/Services.php(833): CodeIgniter\Config\BaseService::getSharedInstance('toolbar', NULL)
#8 /home/p3sc8976/public_html/nikahankami/app/Config/Events.php(44): CodeIgniter\Config\Services::toolbar()
#9 [internal function]: CodeIgniter\Events\Events::Config\{closure}()
#10 /home/p3sc8976/public_html/nikahankami/system/Events/Events.php(188): call_user_func(Object(Closure))
#11 /home/p3sc8976/public_html/nikahankami/system/CodeIgniter.php(287): CodeIgniter\Events\Events::trigger('pre_system')
#12 /home/p3sc8976/public_html/nikahankami/index.php(45): CodeIgniter\CodeIgniter->run()
#13 {main}
CRITICAL - 2021-12-20 11:29:57 --> syntax error, unexpected 'database' (T_STRING), expecting ']'
#0 /home/p3sc8976/public_html/nikahankami/system/Autoloader/Autoloader.php(296): CodeIgniter\Autoloader\Autoloader->requireFile('/home/p3sc8976/...')
#1 /home/p3sc8976/public_html/nikahankami/system/Autoloader/Autoloader.php(258): CodeIgniter\Autoloader\Autoloader->loadInNamespace('Config\\Database')
#2 [internal function]: CodeIgniter\Autoloader\Autoloader->loadClass('Config\\Database')
#3 /home/p3sc8976/public_html/nikahankami/system/Debug/Toolbar/Collectors/Database.php(100): spl_autoload_call('Config\\Database')
#4 /home/p3sc8976/public_html/nikahankami/system/Debug/Toolbar.php(96): CodeIgniter\Debug\Toolbar\Collectors\Database->__construct()
#5 /home/p3sc8976/public_html/nikahankami/system/Config/Services.php(841): CodeIgniter\Debug\Toolbar->__construct(Object(Config\Toolbar))
#6 /home/p3sc8976/public_html/nikahankami/system/Config/BaseService.php(123): CodeIgniter\Config\Services::toolbar(Object(Config\Toolbar), false)
#7 /home/p3sc8976/public_html/nikahankami/system/Config/Services.php(833): CodeIgniter\Config\BaseService::getSharedInstance('toolbar', NULL)
#8 /home/p3sc8976/public_html/nikahankami/app/Config/Events.php(44): CodeIgniter\Config\Services::toolbar()
#9 [internal function]: CodeIgniter\Events\Events::Config\{closure}()
#10 /home/p3sc8976/public_html/nikahankami/system/Events/Events.php(188): call_user_func(Object(Closure))
#11 /home/p3sc8976/public_html/nikahankami/system/CodeIgniter.php(287): CodeIgniter\Events\Events::trigger('pre_system')
#12 /home/p3sc8976/public_html/nikahankami/index.php(45): CodeIgniter\CodeIgniter->run()
#13 {main}
INFO - 2021-12-20 11:30:36 --> Controller "App\Controllers\base\Beranda" loaded.
INFO - 2021-12-20 11:30:41 --> Controller "App\Controllers\base\Beranda" loaded.
INFO - 2021-12-20 11:30:53 --> Controller "App\Controllers\base\Beranda" loaded.
INFO - 2021-12-20 11:32:04 --> Controller "App\Controllers\base\Beranda" loaded.
